SRMCGateway/app/build/intermediates/manifest_merge_blame_file/debug/processDebugMainManifest/manifest-merger-blame-debug-report.txt
1<?xml version="1.0" encoding="utf-8"?>
2<manifest xmlns:android="http://schemas.android.com/apk/res/android"
3    package="com.flashsms.gateway"
4    android:versionCode="4"
5    android:versionName="2.2" >
6
7    <uses-sdk
8        android:minSdkVersion="21"
9        android:targetSdkVersion="34" />
10
11    <uses-feature
11-->src\main\AndroidManifest.xml:4:5-87
12        android:name="android.hardware.telephony"
12-->src\main\AndroidManifest.xml:4:19-60
13        android:required="false" />
13-->src\main\AndroidManifest.xml:4:61-85
14
15    <!-- SMS permissions -->
16    <uses-permission android:name="android.permission.SEND_SMS" />
16-->src\main\AndroidManifest.xml:7:5-66
16-->src\main\AndroidManifest.xml:7:22-64
17    <uses-permission android:name="android.permission.RECEIVE_SMS" />
17-->src\main\AndroidManifest.xml:8:5-69
17-->src\main\AndroidManifest.xml:8:22-67
18    <uses-permission android:name="android.permission.READ_SMS" />
18-->src\main\AndroidManifest.xml:9:5-66
18-->src\main\AndroidManifest.xml:9:22-64
19    <uses-permission android:name="android.permission.READ_PHONE_STATE" />
19-->src\main\AndroidManifest.xml:10:5-74
19-->src\main\AndroidManifest.xml:10:22-72
20    <uses-permission android:name="android.permission.READ_PHONE_NUMBERS" />
20-->src\main\AndroidManifest.xml:11:5-76
20-->src\main\AndroidManifest.xml:11:22-74
21
22    <!-- Network -->
23    <uses-permission android:name="android.permission.INTERNET" />
23-->src\main\AndroidManifest.xml:14:5-66
23-->src\main\AndroidManifest.xml:14:22-64
24    <uses-permission android:name="android.permission.ACCESS_NETWORK_STATE" />
24-->src\main\AndroidManifest.xml:15:5-78
24-->src\main\AndroidManifest.xml:15:22-76
25    <uses-permission android:name="android.permission.ACCESS_WIFI_STATE" />
25-->src\main\AndroidManifest.xml:16:5-75
25-->src\main\AndroidManifest.xml:16:22-73
26
27    <!-- Service / boot -->
28    <uses-permission android:name="android.permission.FOREGROUND_SERVICE" />
28-->src\main\AndroidManifest.xml:19:5-76
28-->src\main\AndroidManifest.xml:19:22-74
29    <!--
30        FOREGROUND_SERVICE_DATA_SYNC is only required on Android 14+ (API 34).
31        On Android 9–13 this permission simply does not exist and is safely ignored.
32    -->
33    <uses-permission android:name="android.permission.FOREGROUND_SERVICE_DATA_SYNC" />
33-->src\main\AndroidManifest.xml:24:5-86
33-->src\main\AndroidManifest.xml:24:22-84
34    <uses-permission android:name="android.permission.RECEIVE_BOOT_COMPLETED" />
34-->src\main\AndroidManifest.xml:25:5-80
34-->src\main\AndroidManifest.xml:25:22-78
35    <uses-permission android:name="android.permission.WAKE_LOCK" />
35-->src\main\AndroidManifest.xml:26:5-67
35-->src\main\AndroidManifest.xml:26:22-65
36    <!--
37        POST_NOTIFICATIONS is only enforced on Android 13+ (API 33).
38        Declared here so the runtime permission dialog appears on those versions.
39    -->
40    <uses-permission android:name="android.permission.POST_NOTIFICATIONS" />
40-->src\main\AndroidManifest.xml:31:5-76
40-->src\main\AndroidManifest.xml:31:22-74
41
42    <permission
42-->[androidx.core:core:1.9.0] AndroidManifest.xml:22:5-24:47
43        android:name="com.flashsms.gateway.DYNAMIC_RECEIVER_NOT_EXPORTED_PERMISSION"
43-->[androidx.core:core:1.9.0] AndroidManifest.xml:23:9-81
44        android:protectionLevel="signature" />
44-->[androidx.core:core:1.9.0] AndroidManifest.xml:24:9-44
45
46    <uses-permission android:name="com.flashsms.gateway.DYNAMIC_RECEIVER_NOT_EXPORTED_PERMISSION" />
46-->[androidx.core:core:1.9.0] AndroidManifest.xml:26:5-97
46-->[androidx.core:core:1.9.0] AndroidManifest.xml:26:22-94
47
48    <application
48-->src\main\AndroidManifest.xml:33:5-86:19
49        android:name="com.flashsms.gateway.App"
49-->src\main\AndroidManifest.xml:34:9-28
50        android:allowBackup="true"
50-->src\main\AndroidManifest.xml:35:9-35
51        android:appComponentFactory="androidx.core.app.CoreComponentFactory"
51-->[androidx.core:core:1.9.0] AndroidManifest.xml:28:18-86
52        android:debuggable="true"
53        android:extractNativeLibs="true"
54        android:icon="@mipmap/ic_launcher"
54-->src\main\AndroidManifest.xml:36:9-43
55        android:label="@string/app_name"
55-->src\main\AndroidManifest.xml:38:9-41
56        android:roundIcon="@mipmap/ic_launcher_round"
56-->src\main\AndroidManifest.xml:37:9-54
57        android:supportsRtl="true"
57-->src\main\AndroidManifest.xml:39:9-35
58        android:theme="@style/Theme.SRMCGateway"
58-->src\main\AndroidManifest.xml:41:9-49
59        android:usesCleartextTraffic="true" >
59-->src\main\AndroidManifest.xml:40:9-44
60        <activity
60-->src\main\AndroidManifest.xml:43:9-51:20
61            android:name="com.flashsms.gateway.LoginActivity"
61-->src\main\AndroidManifest.xml:44:13-42
62            android:exported="true"
62-->src\main\AndroidManifest.xml:45:13-36
63            android:windowSoftInputMode="adjustResize" >
63-->src\main\AndroidManifest.xml:46:13-55
64            <intent-filter>
64-->src\main\AndroidManifest.xml:47:13-50:29
65                <action android:name="android.intent.action.MAIN" />
65-->src\main\AndroidManifest.xml:48:17-68
65-->src\main\AndroidManifest.xml:48:25-66
66
67                <category android:name="android.intent.category.LAUNCHER" />
67-->src\main\AndroidManifest.xml:49:17-76
67-->src\main\AndroidManifest.xml:49:27-74
68            </intent-filter>
69        </activity>
70        <activity
70-->src\main\AndroidManifest.xml:53:9-55:39
71            android:name="com.flashsms.gateway.MainActivity"
71-->src\main\AndroidManifest.xml:54:13-41
72            android:exported="false" />
72-->src\main\AndroidManifest.xml:55:13-37
73
74        <!--
75            foregroundServiceType="dataSync" is REQUIRED on Android 14+ (API 34).
76            On Android 9–13 the attribute is parsed but not enforced — no crash.
77            GatewayService.startForeground() passes the matching type flag at runtime
78            only when running on API 29+ so older devices use the 2-arg overload.
79        -->
80        <service
80-->src\main\AndroidManifest.xml:63:9-67:55
81            android:name="com.flashsms.gateway.GatewayService"
81-->src\main\AndroidManifest.xml:64:13-43
82            android:exported="false"
82-->src\main\AndroidManifest.xml:65:13-37
83            android:foregroundServiceType="dataSync"
83-->src\main\AndroidManifest.xml:67:13-53
84            android:stopWithTask="false" />
84-->src\main\AndroidManifest.xml:66:13-41
85
86        <receiver
86-->src\main\AndroidManifest.xml:69:9-75:20
87            android:name="com.flashsms.gateway.BootReceiver"
87-->src\main\AndroidManifest.xml:70:13-41
88            android:exported="true" >
88-->src\main\AndroidManifest.xml:71:13-36
89            <intent-filter>
89-->src\main\AndroidManifest.xml:72:13-74:29
90                <action android:name="android.intent.action.BOOT_COMPLETED" />
90-->src\main\AndroidManifest.xml:73:17-78
90-->src\main\AndroidManifest.xml:73:25-76
91            </intent-filter>
92        </receiver>
93        <receiver
93-->src\main\AndroidManifest.xml:77:9-84:20
94            android:name="com.flashsms.gateway.InboundSmsReceiver"
94-->src\main\AndroidManifest.xml:78:13-47
95            android:exported="true"
95-->src\main\AndroidManifest.xml:79:13-36
96            android:permission="android.permission.BROADCAST_SMS" >
96-->src\main\AndroidManifest.xml:80:13-66
97            <intent-filter android:priority="999" >
97-->src\main\AndroidManifest.xml:81:13-83:29
97-->src\main\AndroidManifest.xml:81:28-50
98                <action android:name="android.provider.Telephony.SMS_RECEIVED" />
98-->src\main\AndroidManifest.xml:82:17-81
98-->src\main\AndroidManifest.xml:82:25-79
99            </intent-filter>
100        </receiver>
101
102        <provider
102-->[androidx.emoji2:emoji2:1.2.0] AndroidManifest.xml:24:9-32:20
103            android:name="androidx.startup.InitializationProvider"
103-->[androidx.emoji2:emoji2:1.2.0] AndroidManifest.xml:25:13-67
104            android:authorities="com.flashsms.gateway.androidx-startup"
104-->[androidx.emoji2:emoji2:1.2.0] AndroidManifest.xml:26:13-68
105            android:exported="false" >
105-->[androidx.emoji2:emoji2:1.2.0] AndroidManifest.xml:27:13-37
106            <meta-data
106-->[androidx.emoji2:emoji2:1.2.0] AndroidManifest.xml:29:13-31:52
107                android:name="androidx.emoji2.text.EmojiCompatInitializer"
107-->[androidx.emoji2:emoji2:1.2.0] AndroidManifest.xml:30:17-75
108                android:value="androidx.startup" />
108-->[androidx.emoji2:emoji2:1.2.0] AndroidManifest.xml:31:17-49
109            <meta-data
109-->[androidx.lifecycle:lifecycle-process:2.6.1] AndroidManifest.xml:29:13-31:52
110                android:name="androidx.lifecycle.ProcessLifecycleInitializer"
110-->[androidx.lifecycle:lifecycle-process:2.6.1] AndroidManifest.xml:30:17-78
111                android:value="androidx.startup" />
111-->[androidx.lifecycle:lifecycle-process:2.6.1] AndroidManifest.xml:31:17-49
112            <meta-data
112-->[androidx.profileinstaller:profileinstaller:1.3.0] AndroidManifest.xml:29:13-31:52
113                android:name="androidx.profileinstaller.ProfileInstallerInitializer"
113-->[androidx.profileinstaller:profileinstaller:1.3.0] AndroidManifest.xml:30:17-85
114                android:value="androidx.startup" />
114-->[androidx.profileinstaller:profileinstaller:1.3.0] AndroidManifest.xml:31:17-49
115        </provider>
116
117        <receiver
117-->[androidx.profileinstaller:profileinstaller:1.3.0] AndroidManifest.xml:34:9-52:20
118            android:name="androidx.profileinstaller.ProfileInstallReceiver"
118-->[androidx.profileinstaller:profileinstaller:1.3.0] AndroidManifest.xml:35:13-76
119            android:directBootAware="false"
119-->[androidx.profileinstaller:profileinstaller:1.3.0] AndroidManifest.xml:36:13-44
120            android:enabled="true"
120-->[androidx.profileinstaller:profileinstaller:1.3.0] AndroidManifest.xml:37:13-35
121            android:exported="true"
121-->[androidx.profileinstaller:profileinstaller:1.3.0] AndroidManifest.xml:38:13-36
122            android:permission="android.permission.DUMP" >
122-->[androidx.profileinstaller:profileinstaller:1.3.0] AndroidManifest.xml:39:13-57
123            <intent-filter>
123-->[androidx.profileinstaller:profileinstaller:1.3.0] AndroidManifest.xml:40:13-42:29
124                <action android:name="androidx.profileinstaller.action.INSTALL_PROFILE" />
124-->[androidx.profileinstaller:profileinstaller:1.3.0] AndroidManifest.xml:41:17-91
124-->[androidx.profileinstaller:profileinstaller:1.3.0] AndroidManifest.xml:41:25-88
125            </intent-filter>
126            <intent-filter>
126-->[androidx.profileinstaller:profileinstaller:1.3.0] AndroidManifest.xml:43:13-45:29
127                <action android:name="androidx.profileinstaller.action.SKIP_FILE" />
127-->[androidx.profileinstaller:profileinstaller:1.3.0] AndroidManifest.xml:44:17-85
127-->[androidx.profileinstaller:profileinstaller:1.3.0] AndroidManifest.xml:44:25-82
128            </intent-filter>
129            <intent-filter>
129-->[androidx.profileinstaller:profileinstaller:1.3.0] AndroidManifest.xml:46:13-48:29
130                <action android:name="androidx.profileinstaller.action.SAVE_PROFILE" />
130-->[androidx.profileinstaller:profileinstaller:1.3.0] AndroidManifest.xml:47:17-88
130-->[androidx.profileinstaller:profileinstaller:1.3.0] AndroidManifest.xml:47:25-85
131            </intent-filter>
132            <intent-filter>
132-->[androidx.profileinstaller:profileinstaller:1.3.0] AndroidManifest.xml:49:13-51:29
133                <action android:name="androidx.profileinstaller.action.BENCHMARK_OPERATION" />
133-->[androidx.profileinstaller:profileinstaller:1.3.0] AndroidManifest.xml:50:17-95
133-->[androidx.profileinstaller:profileinstaller:1.3.0] AndroidManifest.xml:50:25-92
134            </intent-filter>
135        </receiver>
136    </application>
137
138</manifest>